<?xml version="1.0" encoding="UTF-8"?>
<!-- Generated by org.testng.reporters.JUnitReportReporter -->
<testsuite hostname="SabirMulla" failures="0" tests="1" name="testCases.TestCaseQAEnggPage" time="14.380" errors="0" timestamp="17 Jan 2023 05:15:10 GMT">
  <testcase classname="testCases.TestCaseQAEnggPage" name="qaEngineerPageValidations" time="14.380"/>
</testsuite> <!-- testCases.TestCaseQAEnggPage -->
