<?xml version="1.0" encoding="UTF-8"?>
<!-- Generated by org.testng.reporters.JUnitReportReporter -->
<testsuite hostname="SabirMulla" failures="0" tests="1" name="testCases.TestcasesCareerpage" time="20.811" errors="0" timestamp="17 Jan 2023 05:15:10 GMT">
  <testcase classname="testCases.TestcasesCareerpage" name="verifyHeadertext" time="20.811"/>
</testsuite> <!-- testCases.TestcasesCareerpage -->
